<?xml version="1.0" encoding="UTF-8"?>
<!-- Generated by org.testng.reporters.JUnitXMLReporter -->
<testsuite ignored="0" hostname="DESKTOP-2K2CNKK" failures="0" tests="4" name="Test" time="44.843" errors="0" timestamp="2024-08-02T06:30:16 IST">
  <testcase classname="testcases.HomePageTest" name="TC01_AddToCartTest" time="2.683"/>
  <testcase classname="testcases.LoginTest" name="TC01_LoginSuccessTest" time="2.184"/>
  <testcase classname="testcases.LoginTest" name="TC02_LoginFailureTest" time="0.581"/>
  <testcase classname="testcases.LoginTest" name="TC03_LockedUserTest" time="0.597"/>
</testsuite> <!-- Test -->
