<?xml version="1.0" encoding="UTF-8"?>
<testng-results ignored="0" total="4" passed="4" failed="0" skipped="0">
  <reporter-output>
  </reporter-output>
  <suite started-at="2024-08-02T06:29:31 IST" name="Suite" finished-at="2024-08-02T06:30:16 IST" duration-ms="44843">
    <groups>
    </groups>
    <test started-at="2024-08-02T06:29:31 IST" name="Test" finished-at="2024-08-02T06:30:16 IST" duration-ms="44843">
      <class name="testcases.HomePageTest">
        <test-method is-config="true" signature="SetUpDriver()[pri:0, instance:testcases.HomePageTest@f09733f]" started-at="2024-08-02T06:29:31 IST" name="SetUpDriver" finished-at="2024-08-02T06:29:54 IST" duration-ms="23012" status="PASS">
          <reporter-output>
          </reporter-output>
        </test-method> <!-- SetUpDriver -->
        <test-method signature="TC01_AddToCartTest()[pri:0, instance:testcases.HomePageTest@f09733f]" started-at="2024-08-02T06:29:54 IST" name="TC01_AddToCartTest" finished-at="2024-08-02T06:29:57 IST" duration-ms="2683" status="PASS">
          <reporter-output>
          </reporter-output>
        </test-method> <!-- TC01_AddToCartTest -->
        <test-method is-config="true" signature="TearDown()[pri:0, instance:testcases.HomePageTest@f09733f]" started-at="2024-08-02T06:29:57 IST" name="TearDown" finished-at="2024-08-02T06:29:58 IST" duration-ms="1057" status="PASS">
          <reporter-output>
          </reporter-output>
        </test-method> <!-- TearDown -->
      </class> <!-- testcases.HomePageTest -->
      <class name="testcases.LoginTest">
        <test-method is-config="true" signature="SetUpDriver()[pri:0, instance:testcases.LoginTest@2af004b]" started-at="2024-08-02T06:29:58 IST" name="SetUpDriver" finished-at="2024-08-02T06:30:05 IST" duration-ms="7176" status="PASS">
          <reporter-output>
          </reporter-output>
        </test-method> <!-- SetUpDriver -->
        <test-method signature="TC01_LoginSuccessTest()[pri:0, instance:testcases.LoginTest@2af004b]" started-at="2024-08-02T06:30:05 IST" name="TC01_LoginSuccessTest" finished-at="2024-08-02T06:30:08 IST" duration-ms="2184" status="PASS">
          <reporter-output>
          </reporter-output>
        </test-method> <!-- TC01_LoginSuccessTest -->
        <test-method is-config="true" signature="TearDown()[pri:0, instance:testcases.LoginTest@2af004b]" started-at="2024-08-02T06:30:08 IST" name="TearDown" finished-at="2024-08-02T06:30:08 IST" duration-ms="506" status="PASS">
          <reporter-output>
          </reporter-output>
        </test-method> <!-- TearDown -->
        <test-method is-config="true" signature="SetUpDriver()[pri:0, instance:testcases.LoginTest@2af004b]" started-at="2024-08-02T06:30:08 IST" name="SetUpDriver" finished-at="2024-08-02T06:30:11 IST" duration-ms="3362" status="PASS">
          <reporter-output>
          </reporter-output>
        </test-method> <!-- SetUpDriver -->
        <test-method signature="TC02_LoginFailureTest()[pri:0, instance:testcases.LoginTest@2af004b]" started-at="2024-08-02T06:30:11 IST" name="TC02_LoginFailureTest" finished-at="2024-08-02T06:30:12 IST" duration-ms="581" status="PASS">
          <reporter-output>
          </reporter-output>
        </test-method> <!-- TC02_LoginFailureTest -->
        <test-method is-config="true" signature="TearDown()[pri:0, instance:testcases.LoginTest@2af004b]" started-at="2024-08-02T06:30:12 IST" name="TearDown" finished-at="2024-08-02T06:30:12 IST" duration-ms="391" status="PASS">
          <reporter-output>
          </reporter-output>
        </test-method> <!-- TearDown -->
        <test-method is-config="true" signature="SetUpDriver()[pri:0, instance:testcases.LoginTest@2af004b]" started-at="2024-08-02T06:30:12 IST" name="SetUpDriver" finished-at="2024-08-02T06:30:15 IST" duration-ms="2689" status="PASS">
          <reporter-output>
          </reporter-output>
        </test-method> <!-- SetUpDriver -->
        <test-method signature="TC03_LockedUserTest()[pri:0, instance:testcases.LoginTest@2af004b]" started-at="2024-08-02T06:30:15 IST" name="TC03_LockedUserTest" finished-at="2024-08-02T06:30:16 IST" duration-ms="597" status="PASS">
          <reporter-output>
          </reporter-output>
        </test-method> <!-- TC03_LockedUserTest -->
        <test-method is-config="true" signature="TearDown()[pri:0, instance:testcases.LoginTest@2af004b]" started-at="2024-08-02T06:30:16 IST" name="TearDown" finished-at="2024-08-02T06:30:16 IST" duration-ms="350" status="PASS">
          <reporter-output>
          </reporter-output>
        </test-method> <!-- TearDown -->
      </class> <!-- testcases.LoginTest -->
    </test> <!-- Test -->
  </suite> <!-- Suite -->
</testng-results>
