<?xml version="1.0" encoding="UTF-8"?>
<!-- Generated by org.testng.reporters.JUnitXMLReporter -->
<testsuite ignored="0" hostname="DESKTOP-2K2CNKK" failures="0" tests="3" name="Default test" time="16.082" errors="0" timestamp="2024-07-29T23:28:50 IST">
  <testcase classname="testcases.LoginTest" name="TC01_LoginSuccessTest" time="1.708"/>
  <testcase classname="testcases.LoginTest" name="TC02_LoginFailureTest" time="0.617"/>
  <testcase classname="testcases.LoginTest" name="TC03_LockedUserTest" time="0.538"/>
</testsuite> <!-- Default test -->
