<?xml version="1.0" encoding="UTF-8"?>
<!-- Generated by org.testng.reporters.JUnitXMLReporter -->
<testsuite ignored="4" hostname="DESKTOP-2K2CNKK" failures="0" tests="4" name="Default test" time="0.634" errors="0" timestamp="2024-07-20T08:34:22 IST">
  <testcase classname="testNG.TestNGtcExample" name="TestCase_01" time="0.087"/>
  <testcase classname="testNG.MultipleTestNGtcExample" name="TestCase_02" time="0.006"/>
  <testcase classname="testNG.MultipleTestNGtcExample" name="TestCase_03" time="0.007"/>
  <testcase classname="testNG.MultipleTestNGtcExample" name="TestCase_04" time="0.054"/>
  <testcase classname="testNG.BaseClass" name="@AfterTest test2" time="0.0">
    <ignored/>
  </testcase> <!-- @AfterTest test2 -->
  <testcase classname="testNG.BaseClass" name="@AfterTest test2" time="0.0">
    <ignored/>
  </testcase> <!-- @AfterTest test2 -->
  <testcase classname="testNG.BaseClass" name="@BeforeTest test1" time="0.0">
    <ignored/>
  </testcase> <!-- @BeforeTest test1 -->
  <testcase classname="testNG.BaseClass" name="@BeforeTest test1" time="0.0">
    <ignored/>
  </testcase> <!-- @BeforeTest test1 -->
</testsuite> <!-- Default test -->
