<?xml version="1.0" encoding="UTF-8"?>
<!-- Generated by org.testng.reporters.JUnitXMLReporter -->
<testsuite ignored="0" hostname="DESKTOP-2K2CNKK" failures="0" tests="5" name="Test" time="86.849" errors="0" timestamp="2024-12-31T18:51:20 IST">
  <testcase classname="testcases.Tests" name="tc01_Signup" time="8.082"/>
  <testcase classname="testcases.Tests" name="tc02_loginsucess" time="2.898"/>
  <testcase classname="testcases.Tests" name="tc03_loginfailure" time="2.209"/>
  <testcase classname="testcases.Tests" name="tc04_add1itemchkout" time="11.972"/>
  <testcase classname="testcases.Tests" name="tc05_add2itemchkout" time="16.481"/>
</testsuite> <!-- Test -->
